<?xml version="1.0" encoding="UTF-8"?>
<coverage generated="1766375651134" clover="3.2.0">
  <project timestamp="1766375651134" name="All files">
    <metrics statements="241" coveredstatements="187" conditionals="152" coveredconditionals="88" methods="44" coveredmethods="40" elements="437" coveredelements="315" complexity="0" loc="241" ncloc="241" packages="1" files="4" classes="4"/>
    <file name="authorizationService.ts" path="/Users/mattbernier/projects/unicorn/UNI-Construct/apps/forsured-web/src/lib/auth/authorizationService.ts">
      <metrics statements="83" coveredstatements="45" conditionals="93" coveredconditionals="42" methods="22" coveredmethods="19"/>
      <line num="24" count="35" type="stmt"/>
      <line num="30" count="34" type="stmt"/>
      <line num="42" count="1" type="stmt"/>
      <line num="52" count="70" type="cond" truecount="1" falsecount="1"/>
      <line num="53" count="0" type="stmt"/>
      <line num="56" count="70" type="stmt"/>
      <line num="66" count="2" type="cond" truecount="1" falsecount="1"/>
      <line num="67" count="0" type="stmt"/>
      <line num="70" count="3" type="stmt"/>
      <line num="80" count="2" type="cond" truecount="1" falsecount="1"/>
      <line num="81" count="0" type="stmt"/>
      <line num="84" count="4" type="stmt"/>
      <line num="96" count="15" type="cond" truecount="1" falsecount="1"/>
      <line num="97" count="0" type="stmt"/>
      <line num="101" count="15" type="cond" truecount="2" falsecount="0"/>
      <line num="102" count="3" type="stmt"/>
      <line num="106" count="12" type="stmt"/>
      <line num="107" count="12" type="cond" truecount="2" falsecount="0"/>
      <line num="108" count="1" type="stmt"/>
      <line num="112" count="11" type="stmt"/>
      <line num="120" count="11" type="cond" truecount="1" falsecount="1"/>
      <line num="121" count="0" type="stmt"/>
      <line num="124" count="11" type="stmt"/>
      <line num="126" count="11" type="cond" truecount="3" falsecount="3"/>
      <line num="128" count="6" type="stmt"/>
      <line num="131" count="3" type="stmt"/>
      <line num="134" count="2" type="stmt"/>
      <line num="137" count="0" type="stmt"/>
      <line num="140" count="0" type="stmt"/>
      <line num="143" count="0" type="stmt"/>
      <line num="157" count="6" type="cond" truecount="3" falsecount="1"/>
      <line num="160" count="5" type="cond" truecount="4" falsecount="0"/>
      <line num="161" count="2" type="stmt"/>
      <line num="164" count="3" type="cond" truecount="4" falsecount="0"/>
      <line num="165" count="1" type="stmt"/>
      <line num="168" count="2" type="cond" truecount="1" falsecount="1"/>
      <line num="169" count="0" type="stmt"/>
      <line num="171" count="2" type="stmt"/>
      <line num="176" count="1" type="cond" truecount="2" falsecount="0"/>
      <line num="179" count="0" type="stmt"/>
      <line num="192" count="3" type="cond" truecount="1" falsecount="4"/>
      <line num="195" count="0" type="cond" truecount="0" falsecount="2"/>
      <line num="196" count="0" type="stmt"/>
      <line num="199" count="0" type="cond" truecount="0" falsecount="4"/>
      <line num="200" count="0" type="stmt"/>
      <line num="202" count="0" type="stmt"/>
      <line num="206" count="3" type="cond" truecount="2" falsecount="0"/>
      <line num="211" count="0" type="cond" truecount="0" falsecount="2"/>
      <line num="214" count="0" type="stmt"/>
      <line num="227" count="2" type="cond" truecount="1" falsecount="3"/>
      <line num="231" count="0" type="cond" truecount="0" falsecount="2"/>
      <line num="232" count="0" type="stmt"/>
      <line num="235" count="0" type="cond" truecount="0" falsecount="4"/>
      <line num="236" count="0" type="stmt"/>
      <line num="238" count="0" type="stmt"/>
      <line num="242" count="2" type="stmt"/>
      <line num="245" count="0" type="stmt"/>
      <line num="258" count="0" type="cond" truecount="0" falsecount="4"/>
      <line num="261" count="0" type="stmt"/>
      <line num="266" count="0" type="stmt"/>
      <line num="269" count="0" type="stmt"/>
      <line num="283" count="0" type="cond" truecount="0" falsecount="4"/>
      <line num="286" count="0" type="cond" truecount="0" falsecount="2"/>
      <line num="287" count="0" type="stmt"/>
      <line num="290" count="0" type="cond" truecount="0" falsecount="4"/>
      <line num="291" count="0" type="stmt"/>
      <line num="294" count="0" type="cond" truecount="0" falsecount="2"/>
      <line num="295" count="0" type="stmt"/>
      <line num="297" count="0" type="stmt"/>
      <line num="302" count="0" type="stmt"/>
      <line num="305" count="0" type="stmt"/>
      <line num="313" count="12" type="stmt"/>
      <line num="314" count="12" type="cond" truecount="2" falsecount="0"/>
      <line num="321" count="2" type="cond" truecount="2" falsecount="0"/>
      <line num="328" count="2" type="cond" truecount="2" falsecount="0"/>
      <line num="335" count="1" type="cond" truecount="1" falsecount="1"/>
      <line num="342" count="0" type="cond" truecount="0" falsecount="2"/>
      <line num="349" count="2" type="cond" truecount="2" falsecount="0"/>
      <line num="350" count="1" type="stmt"/>
      <line num="361" count="2" type="cond" truecount="2" falsecount="0"/>
      <line num="362" count="1" type="stmt"/>
      <line num="373" count="2" type="stmt"/>
      <line num="383" count="1" type="stmt"/>
    </file>
    <file name="oauthService.ts" path="/Users/mattbernier/projects/unicorn/UNI-Construct/apps/forsured-web/src/lib/auth/oauthService.ts">
      <metrics statements="76" coveredstatements="69" conditionals="42" coveredconditionals="35" methods="12" coveredmethods="12"/>
      <line num="34" count="24" type="stmt"/>
      <line num="35" count="24" type="stmt"/>
      <line num="36" count="24" type="cond" truecount="2" falsecount="0"/>
      <line num="37" count="24" type="cond" truecount="2" falsecount="0"/>
      <line num="38" count="24" type="cond" truecount="2" falsecount="0"/>
      <line num="39" count="24" type="cond" truecount="2" falsecount="0"/>
      <line num="42" count="24" type="cond" truecount="2" falsecount="2"/>
      <line num="43" count="0" type="stmt"/>
      <line num="46" count="24" type="stmt"/>
      <line num="63" count="24" type="stmt"/>
      <line num="71" count="8" type="stmt"/>
      <line num="73" count="8" type="stmt"/>
      <line num="76" count="8" type="stmt"/>
      <line num="77" count="8" type="stmt"/>
      <line num="80" count="8" type="stmt"/>
      <line num="83" count="8" type="stmt"/>
      <line num="85" count="0" type="stmt"/>
      <line num="86" count="0" type="stmt"/>
      <line num="98" count="8" type="stmt"/>
      <line num="108" count="8" type="stmt"/>
      <line num="109" count="8" type="stmt"/>
      <line num="110" count="56" type="stmt"/>
      <line num="113" count="8" type="stmt"/>
      <line num="125" count="12" type="stmt"/>
      <line num="127" count="12" type="stmt"/>
      <line num="130" count="12" type="stmt"/>
      <line num="133" count="12" type="stmt"/>
      <line num="136" count="4" type="stmt"/>
      <line num="138" count="4" type="stmt"/>
      <line num="141" count="8" type="stmt"/>
      <line num="143" count="8" type="cond" truecount="3" falsecount="1"/>
      <line num="144" count="0" type="stmt"/>
      <line num="147" count="8" type="stmt"/>
      <line num="148" count="8" type="stmt"/>
      <line num="160" count="12" type="stmt"/>
      <line num="162" count="12" type="cond" truecount="2" falsecount="0"/>
      <line num="163" count="1" type="stmt"/>
      <line num="169" count="11" type="cond" truecount="1" falsecount="1"/>
      <line num="170" count="0" type="stmt"/>
      <line num="176" count="11" type="cond" truecount="2" falsecount="0"/>
      <line num="177" count="2" type="stmt"/>
      <line num="188" count="9" type="stmt"/>
      <line num="190" count="9" type="cond" truecount="2" falsecount="0"/>
      <line num="191" count="1" type="stmt"/>
      <line num="197" count="8" type="cond" truecount="1" falsecount="1"/>
      <line num="198" count="0" type="stmt"/>
      <line num="204" count="8" type="stmt"/>
      <line num="214" count="8" type="stmt"/>
      <line num="222" count="8" type="stmt"/>
      <line num="230" count="7" type="cond" truecount="2" falsecount="0"/>
      <line num="231" count="2" type="stmt"/>
      <line num="232" count="2" type="stmt"/>
      <line num="233" count="2" type="stmt"/>
      <line num="240" count="5" type="stmt"/>
      <line num="243" count="5" type="cond" truecount="4" falsecount="0"/>
      <line num="244" count="1" type="stmt"/>
      <line num="250" count="4" type="stmt"/>
      <line num="260" count="4" type="stmt"/>
      <line num="261" count="4" type="stmt"/>
      <line num="268" count="4" type="stmt"/>
      <line num="276" count="4" type="cond" truecount="2" falsecount="0"/>
      <line num="277" count="1" type="stmt"/>
      <line num="278" count="1" type="stmt"/>
      <line num="279" count="1" type="stmt"/>
      <line num="286" count="3" type="stmt"/>
      <line num="288" count="3" type="cond" truecount="2" falsecount="0"/>
      <line num="289" count="1" type="stmt"/>
      <line num="295" count="2" type="stmt"/>
      <line num="297" count="2" type="cond" truecount="2" falsecount="2"/>
      <line num="298" count="0" type="stmt"/>
      <line num="301" count="2" type="stmt"/>
      <line num="302" count="2" type="stmt"/>
      <line num="314" count="12" type="stmt"/>
      <line num="315" count="12" type="stmt"/>
      <line num="326" count="19" type="stmt"/>
      <line num="337" count="1" type="stmt"/>
    </file>
    <file name="pkce.ts" path="/Users/mattbernier/projects/unicorn/UNI-Construct/apps/forsured-web/src/lib/auth/pkce.ts">
      <metrics statements="32" coveredstatements="23" conditionals="13" coveredconditionals="7" methods="8" coveredmethods="7"/>
      <line num="20" count="8" type="stmt"/>
      <line num="21" count="8" type="stmt"/>
      <line num="24" count="8" type="stmt"/>
      <line num="36" count="8" type="stmt"/>
      <line num="37" count="8" type="stmt"/>
      <line num="40" count="8" type="stmt"/>
      <line num="41" count="8" type="stmt"/>
      <line num="44" count="8" type="stmt"/>
      <line num="53" count="8" type="stmt"/>
      <line num="54" count="8" type="stmt"/>
      <line num="55" count="8" type="stmt"/>
      <line num="65" count="8" type="stmt"/>
      <line num="66" count="8" type="stmt"/>
      <line num="67" count="8" type="stmt"/>
      <line num="69" count="8" type="stmt"/>
      <line num="85" count="24" type="stmt"/>
      <line num="88" count="24" type="stmt"/>
      <line num="102" count="0" type="stmt"/>
      <line num="107" count="0" type="stmt"/>
      <line num="108" count="0" type="cond" truecount="0" falsecount="2"/>
      <line num="109" count="0" type="cond" truecount="0" falsecount="2"/>
      <line num="110" count="0" type="stmt"/>
      <line num="112" count="0" type="stmt"/>
      <line num="116" count="0" type="stmt"/>
      <line num="127" count="8" type="cond" truecount="4" falsecount="1"/>
      <line num="128" count="0" type="stmt"/>
      <line num="132" count="8" type="stmt"/>
      <line num="133" count="8" type="stmt"/>
      <line num="143" count="11" type="cond" truecount="3" falsecount="1"/>
      <line num="144" count="0" type="stmt"/>
      <line num="148" count="11" type="stmt"/>
      <line num="149" count="11" type="stmt"/>
    </file>
    <file name="types.ts" path="/Users/mattbernier/projects/unicorn/UNI-Construct/apps/forsured-web/src/lib/auth/types.ts">
      <metrics statements="50" coveredstatements="50" conditionals="4" coveredconditionals="4" methods="2" coveredmethods="2"/>
      <line num="13" count="2" type="cond" truecount="2" falsecount="0"/>
      <line num="15" count="2" type="stmt"/>
      <line num="16" count="2" type="stmt"/>
      <line num="17" count="2" type="stmt"/>
      <line num="18" count="2" type="stmt"/>
      <line num="19" count="2" type="stmt"/>
      <line num="22" count="2" type="stmt"/>
      <line num="23" count="2" type="stmt"/>
      <line num="24" count="2" type="stmt"/>
      <line num="25" count="2" type="stmt"/>
      <line num="26" count="2" type="stmt"/>
      <line num="27" count="2" type="stmt"/>
      <line num="28" count="2" type="stmt"/>
      <line num="31" count="2" type="stmt"/>
      <line num="32" count="2" type="stmt"/>
      <line num="33" count="2" type="stmt"/>
      <line num="34" count="2" type="stmt"/>
      <line num="35" count="2" type="stmt"/>
      <line num="38" count="2" type="stmt"/>
      <line num="39" count="2" type="stmt"/>
      <line num="40" count="2" type="stmt"/>
      <line num="41" count="2" type="stmt"/>
      <line num="42" count="2" type="stmt"/>
      <line num="45" count="2" type="stmt"/>
      <line num="46" count="2" type="stmt"/>
      <line num="47" count="2" type="stmt"/>
      <line num="48" count="2" type="stmt"/>
      <line num="49" count="2" type="stmt"/>
      <line num="50" count="2" type="stmt"/>
      <line num="53" count="2" type="stmt"/>
      <line num="54" count="2" type="stmt"/>
      <line num="55" count="2" type="stmt"/>
      <line num="56" count="2" type="stmt"/>
      <line num="57" count="2" type="stmt"/>
      <line num="60" count="2" type="stmt"/>
      <line num="61" count="2" type="stmt"/>
      <line num="62" count="2" type="stmt"/>
      <line num="63" count="2" type="stmt"/>
      <line num="70" count="2" type="stmt"/>
      <line num="210" count="2" type="cond" truecount="2" falsecount="0"/>
      <line num="211" count="2" type="stmt"/>
      <line num="212" count="2" type="stmt"/>
      <line num="213" count="2" type="stmt"/>
      <line num="214" count="2" type="stmt"/>
      <line num="215" count="2" type="stmt"/>
      <line num="216" count="2" type="stmt"/>
      <line num="217" count="2" type="stmt"/>
      <line num="218" count="2" type="stmt"/>
      <line num="219" count="2" type="stmt"/>
      <line num="220" count="2" type="stmt"/>
    </file>
  </project>
</coverage>
