{"/Users/mattbernier/projects/unicorn/UNI-Construct/apps/forsured-web/src/lib/auth/authorizationService.ts": {"path":"/Users/mattbernier/projects/unicorn/UNI-Construct/apps/forsured-web/src/lib/auth/authorizationService.ts","statementMap":{"0":{"start":{"line":24,"column":49},"end":{"line":24,"column":null}},"1":{"start":{"line":30,"column":4},"end":{"line":35,"column":null}},"2":{"start":{"line":42,"column":4},"end":{"line":42,"column":null}},"3":{"start":{"line":52,"column":4},"end":{"line":54,"column":null}},"4":{"start":{"line":53,"column":6},"end":{"line":53,"column":null}},"5":{"start":{"line":56,"column":4},"end":{"line":56,"column":null}},"6":{"start":{"line":66,"column":4},"end":{"line":68,"column":null}},"7":{"start":{"line":67,"column":6},"end":{"line":67,"column":null}},"8":{"start":{"line":70,"column":4},"end":{"line":70,"column":null}},"9":{"start":{"line":70,"column":42},"end":{"line":70,"column":72}},"10":{"start":{"line":80,"column":4},"end":{"line":82,"column":null}},"11":{"start":{"line":81,"column":6},"end":{"line":81,"column":null}},"12":{"start":{"line":84,"column":4},"end":{"line":84,"column":null}},"13":{"start":{"line":84,"column":43},"end":{"line":84,"column":73}},"14":{"start":{"line":96,"column":4},"end":{"line":98,"column":null}},"15":{"start":{"line":97,"column":6},"end":{"line":97,"column":null}},"16":{"start":{"line":101,"column":4},"end":{"line":103,"column":null}},"17":{"start":{"line":102,"column":6},"end":{"line":102,"column":null}},"18":{"start":{"line":106,"column":23},"end":{"line":106,"column":null}},"19":{"start":{"line":107,"column":4},"end":{"line":109,"column":null}},"20":{"start":{"line":108,"column":6},"end":{"line":108,"column":null}},"21":{"start":{"line":112,"column":4},"end":{"line":112,"column":null}},"22":{"start":{"line":120,"column":4},"end":{"line":122,"column":null}},"23":{"start":{"line":121,"column":6},"end":{"line":121,"column":null}},"24":{"start":{"line":124,"column":47},"end":{"line":124,"column":null}},"25":{"start":{"line":126,"column":4},"end":{"line":144,"column":null}},"26":{"start":{"line":128,"column":8},"end":{"line":128,"column":null}},"27":{"start":{"line":131,"column":8},"end":{"line":131,"column":null}},"28":{"start":{"line":134,"column":8},"end":{"line":134,"column":null}},"29":{"start":{"line":137,"column":8},"end":{"line":137,"column":null}},"30":{"start":{"line":140,"column":8},"end":{"line":140,"column":null}},"31":{"start":{"line":143,"column":8},"end":{"line":143,"column":null}},"32":{"start":{"line":157,"column":4},"end":{"line":180,"column":null}},"33":{"start":{"line":160,"column":8},"end":{"line":162,"column":null}},"34":{"start":{"line":161,"column":10},"end":{"line":161,"column":null}},"35":{"start":{"line":164,"column":8},"end":{"line":166,"column":null}},"36":{"start":{"line":165,"column":10},"end":{"line":165,"column":null}},"37":{"start":{"line":168,"column":8},"end":{"line":170,"column":null}},"38":{"start":{"line":169,"column":10},"end":{"line":169,"column":null}},"39":{"start":{"line":171,"column":8},"end":{"line":171,"column":null}},"40":{"start":{"line":176,"column":8},"end":{"line":176,"column":null}},"41":{"start":{"line":179,"column":8},"end":{"line":179,"column":null}},"42":{"start":{"line":192,"column":4},"end":{"line":215,"column":null}},"43":{"start":{"line":195,"column":8},"end":{"line":197,"column":null}},"44":{"start":{"line":196,"column":10},"end":{"line":196,"column":null}},"45":{"start":{"line":199,"column":8},"end":{"line":201,"column":null}},"46":{"start":{"line":200,"column":10},"end":{"line":200,"column":null}},"47":{"start":{"line":202,"column":8},"end":{"line":202,"column":null}},"48":{"start":{"line":206,"column":8},"end":{"line":206,"column":null}},"49":{"start":{"line":211,"column":8},"end":{"line":211,"column":null}},"50":{"start":{"line":214,"column":8},"end":{"line":214,"column":null}},"51":{"start":{"line":227,"column":4},"end":{"line":246,"column":null}},"52":{"start":{"line":231,"column":8},"end":{"line":233,"column":null}},"53":{"start":{"line":232,"column":10},"end":{"line":232,"column":null}},"54":{"start":{"line":235,"column":8},"end":{"line":237,"column":null}},"55":{"start":{"line":236,"column":10},"end":{"line":236,"column":null}},"56":{"start":{"line":238,"column":8},"end":{"line":238,"column":null}},"57":{"start":{"line":242,"column":8},"end":{"line":242,"column":null}},"58":{"start":{"line":245,"column":8},"end":{"line":245,"column":null}},"59":{"start":{"line":258,"column":4},"end":{"line":270,"column":null}},"60":{"start":{"line":261,"column":8},"end":{"line":261,"column":null}},"61":{"start":{"line":266,"column":8},"end":{"line":266,"column":null}},"62":{"start":{"line":269,"column":8},"end":{"line":269,"column":null}},"63":{"start":{"line":283,"column":4},"end":{"line":306,"column":null}},"64":{"start":{"line":286,"column":8},"end":{"line":288,"column":null}},"65":{"start":{"line":287,"column":10},"end":{"line":287,"column":null}},"66":{"start":{"line":290,"column":8},"end":{"line":292,"column":null}},"67":{"start":{"line":291,"column":10},"end":{"line":291,"column":null}},"68":{"start":{"line":294,"column":8},"end":{"line":296,"column":null}},"69":{"start":{"line":295,"column":10},"end":{"line":295,"column":null}},"70":{"start":{"line":297,"column":8},"end":{"line":297,"column":null}},"71":{"start":{"line":302,"column":8},"end":{"line":302,"column":null}},"72":{"start":{"line":305,"column":8},"end":{"line":305,"column":null}},"73":{"start":{"line":313,"column":26},"end":{"line":313,"column":null}},"74":{"start":{"line":314,"column":4},"end":{"line":314,"column":null}},"75":{"start":{"line":321,"column":4},"end":{"line":321,"column":null}},"76":{"start":{"line":328,"column":4},"end":{"line":328,"column":null}},"77":{"start":{"line":335,"column":4},"end":{"line":335,"column":null}},"78":{"start":{"line":342,"column":4},"end":{"line":342,"column":null}},"79":{"start":{"line":349,"column":4},"end":{"line":354,"column":null}},"80":{"start":{"line":350,"column":6},"end":{"line":353,"column":null}},"81":{"start":{"line":361,"column":4},"end":{"line":366,"column":null}},"82":{"start":{"line":362,"column":6},"end":{"line":365,"column":null}},"83":{"start":{"line":373,"column":4},"end":{"line":376,"column":null}},"84":{"start":{"line":383,"column":36},"end":{"line":383,"column":null}}},"fnMap":{"0":{"name":"(anonymous_0)","decl":{"start":{"line":29,"column":2},"end":{"line":29,"column":13}},"loc":{"start":{"line":29,"column":71},"end":{"line":36,"column":null}},"line":29},"1":{"name":"(anonymous_1)","decl":{"start":{"line":41,"column":2},"end":{"line":41,"column":16}},"loc":{"start":{"line":41,"column":16},"end":{"line":43,"column":null}},"line":41},"2":{"name":"(anonymous_2)","decl":{"start":{"line":51,"column":2},"end":{"line":51,"column":16}},"loc":{"start":{"line":51,"column":49},"end":{"line":57,"column":null}},"line":51},"3":{"name":"(anonymous_3)","decl":{"start":{"line":65,"column":2},"end":{"line":65,"column":19}},"loc":{"start":{"line":65,"column":55},"end":{"line":71,"column":null}},"line":65},"4":{"name":"(anonymous_4)","decl":{"start":{"line":70,"column":28},"end":{"line":70,"column":42}},"loc":{"start":{"line":70,"column":42},"end":{"line":70,"column":72}},"line":70},"5":{"name":"(anonymous_5)","decl":{"start":{"line":79,"column":2},"end":{"line":79,"column":20}},"loc":{"start":{"line":79,"column":56},"end":{"line":85,"column":null}},"line":79},"6":{"name":"(anonymous_6)","decl":{"start":{"line":84,"column":29},"end":{"line":84,"column":43}},"loc":{"start":{"line":84,"column":43},"end":{"line":84,"column":73}},"line":84},"7":{"name":"(anonymous_7)","decl":{"start":{"line":95,"column":2},"end":{"line":95,"column":6}},"loc":{"start":{"line":95,"column":56},"end":{"line":113,"column":null}},"line":95},"8":{"name":"(anonymous_8)","decl":{"start":{"line":119,"column":10},"end":{"line":119,"column":30}},"loc":{"start":{"line":119,"column":80},"end":{"line":145,"column":null}},"line":119},"9":{"name":"(anonymous_9)","decl":{"start":{"line":150,"column":10},"end":{"line":150,"column":null}},"loc":{"start":{"line":156,"column":13},"end":{"line":181,"column":null}},"line":156},"10":{"name":"(anonymous_10)","decl":{"start":{"line":186,"column":10},"end":{"line":186,"column":null}},"loc":{"start":{"line":191,"column":13},"end":{"line":216,"column":null}},"line":191},"11":{"name":"(anonymous_11)","decl":{"start":{"line":221,"column":10},"end":{"line":221,"column":null}},"loc":{"start":{"line":226,"column":13},"end":{"line":247,"column":null}},"line":226},"12":{"name":"(anonymous_12)","decl":{"start":{"line":252,"column":10},"end":{"line":252,"column":null}},"loc":{"start":{"line":257,"column":13},"end":{"line":271,"column":null}},"line":257},"13":{"name":"(anonymous_13)","decl":{"start":{"line":276,"column":10},"end":{"line":276,"column":null}},"loc":{"start":{"line":282,"column":13},"end":{"line":307,"column":null}},"line":282},"14":{"name":"(anonymous_14)","decl":{"start":{"line":312,"column":10},"end":{"line":312,"column":33}},"loc":{"start":{"line":312,"column":83},"end":{"line":315,"column":null}},"line":312},"15":{"name":"(anonymous_15)","decl":{"start":{"line":320,"column":2},"end":{"line":320,"column":25}},"loc":{"start":{"line":320,"column":25},"end":{"line":322,"column":null}},"line":320},"16":{"name":"(anonymous_16)","decl":{"start":{"line":327,"column":2},"end":{"line":327,"column":29}},"loc":{"start":{"line":327,"column":29},"end":{"line":329,"column":null}},"line":327},"17":{"name":"(anonymous_17)","decl":{"start":{"line":334,"column":2},"end":{"line":334,"column":37}},"loc":{"start":{"line":334,"column":37},"end":{"line":336,"column":null}},"line":334},"18":{"name":"(anonymous_18)","decl":{"start":{"line":341,"column":2},"end":{"line":341,"column":33}},"loc":{"start":{"line":341,"column":33},"end":{"line":343,"column":null}},"line":341},"19":{"name":"(anonymous_19)","decl":{"start":{"line":348,"column":2},"end":{"line":348,"column":19}},"loc":{"start":{"line":348,"column":49},"end":{"line":355,"column":null}},"line":348},"20":{"name":"(anonymous_20)","decl":{"start":{"line":360,"column":2},"end":{"line":360,"column":12}},"loc":{"start":{"line":360,"column":59},"end":{"line":367,"column":null}},"line":360},"21":{"name":"(anonymous_21)","decl":{"start":{"line":372,"column":10},"end":{"line":372,"column":26}},"loc":{"start":{"line":372,"column":75},"end":{"line":377,"column":null}},"line":372}},"branchMap":{"0":{"loc":{"start":{"line":34,"column":19},"end":{"line":34,"column":null}},"type":"binary-expr","locations":[{"start":{"line":34,"column":19},"end":{"line":34,"column":45}},{"start":{"line":34,"column":45},"end":{"line":34,"column":null}}],"line":34},"1":{"loc":{"start":{"line":52,"column":4},"end":{"line":54,"column":null}},"type":"if","locations":[{"start":{"line":52,"column":4},"end":{"line":54,"column":null}},{"start":{},"end":{}}],"line":52},"2":{"loc":{"start":{"line":66,"column":4},"end":{"line":68,"column":null}},"type":"if","locations":[{"start":{"line":66,"column":4},"end":{"line":68,"column":null}},{"start":{},"end":{}}],"line":66},"3":{"loc":{"start":{"line":80,"column":4},"end":{"line":82,"column":null}},"type":"if","locations":[{"start":{"line":80,"column":4},"end":{"line":82,"column":null}},{"start":{},"end":{}}],"line":80},"4":{"loc":{"start":{"line":96,"column":4},"end":{"line":98,"column":null}},"type":"if","locations":[{"start":{"line":96,"column":4},"end":{"line":98,"column":null}},{"start":{},"end":{}}],"line":96},"5":{"loc":{"start":{"line":101,"column":4},"end":{"line":103,"column":null}},"type":"if","locations":[{"start":{"line":101,"column":4},"end":{"line":103,"column":null}},{"start":{},"end":{}}],"line":101},"6":{"loc":{"start":{"line":107,"column":4},"end":{"line":109,"column":null}},"type":"if","locations":[{"start":{"line":107,"column":4},"end":{"line":109,"column":null}},{"start":{},"end":{}}],"line":107},"7":{"loc":{"start":{"line":120,"column":4},"end":{"line":122,"column":null}},"type":"if","locations":[{"start":{"line":120,"column":4},"end":{"line":122,"column":null}},{"start":{},"end":{}}],"line":120},"8":{"loc":{"start":{"line":126,"column":4},"end":{"line":144,"column":null}},"type":"switch","locations":[{"start":{"line":127,"column":6},"end":{"line":128,"column":null}},{"start":{"line":130,"column":6},"end":{"line":131,"column":null}},{"start":{"line":133,"column":6},"end":{"line":134,"column":null}},{"start":{"line":136,"column":6},"end":{"line":137,"column":null}},{"start":{"line":139,"column":6},"end":{"line":140,"column":null}},{"start":{"line":142,"column":6},"end":{"line":143,"column":null}}],"line":126},"9":{"loc":{"start":{"line":157,"column":4},"end":{"line":180,"column":null}},"type":"switch","locations":[{"start":{"line":158,"column":6},"end":{"line":171,"column":null}},{"start":{"line":173,"column":6},"end":{"line":173,"column":null}},{"start":{"line":174,"column":6},"end":{"line":176,"column":null}},{"start":{"line":178,"column":6},"end":{"line":179,"column":null}}],"line":157},"10":{"loc":{"start":{"line":160,"column":8},"end":{"line":162,"column":null}},"type":"if","locations":[{"start":{"line":160,"column":8},"end":{"line":162,"column":null}},{"start":{},"end":{}}],"line":160},"11":{"loc":{"start":{"line":160,"column":12},"end":{"line":160,"column":66}},"type":"binary-expr","locations":[{"start":{"line":160,"column":12},"end":{"line":160,"column":34}},{"start":{"line":160,"column":34},"end":{"line":160,"column":66}}],"line":160},"12":{"loc":{"start":{"line":164,"column":8},"end":{"line":166,"column":null}},"type":"if","locations":[{"start":{"line":164,"column":8},"end":{"line":166,"column":null}},{"start":{},"end":{}}],"line":164},"13":{"loc":{"start":{"line":164,"column":12},"end":{"line":164,"column":64}},"type":"binary-expr","locations":[{"start":{"line":164,"column":12},"end":{"line":164,"column":33}},{"start":{"line":164,"column":33},"end":{"line":164,"column":64}}],"line":164},"14":{"loc":{"start":{"line":168,"column":8},"end":{"line":170,"column":null}},"type":"if","locations":[{"start":{"line":168,"column":8},"end":{"line":170,"column":null}},{"start":{},"end":{}}],"line":168},"15":{"loc":{"start":{"line":176,"column":15},"end":{"line":176,"column":null}},"type":"binary-expr","locations":[{"start":{"line":176,"column":15},"end":{"line":176,"column":37}},{"start":{"line":176,"column":37},"end":{"line":176,"column":null}}],"line":176},"16":{"loc":{"start":{"line":192,"column":4},"end":{"line":215,"column":null}},"type":"switch","locations":[{"start":{"line":193,"column":6},"end":{"line":202,"column":null}},{"start":{"line":204,"column":6},"end":{"line":206,"column":null}},{"start":{"line":208,"column":6},"end":{"line":208,"column":null}},{"start":{"line":209,"column":6},"end":{"line":211,"column":null}},{"start":{"line":213,"column":6},"end":{"line":214,"column":null}}],"line":192},"17":{"loc":{"start":{"line":195,"column":8},"end":{"line":197,"column":null}},"type":"if","locations":[{"start":{"line":195,"column":8},"end":{"line":197,"column":null}},{"start":{},"end":{}}],"line":195},"18":{"loc":{"start":{"line":199,"column":8},"end":{"line":201,"column":null}},"type":"if","locations":[{"start":{"line":199,"column":8},"end":{"line":201,"column":null}},{"start":{},"end":{}}],"line":199},"19":{"loc":{"start":{"line":199,"column":12},"end":{"line":199,"column":66}},"type":"binary-expr","locations":[{"start":{"line":199,"column":12},"end":{"line":199,"column":34}},{"start":{"line":199,"column":34},"end":{"line":199,"column":66}}],"line":199},"20":{"loc":{"start":{"line":206,"column":15},"end":{"line":206,"column":null}},"type":"binary-expr","locations":[{"start":{"line":206,"column":15},"end":{"line":206,"column":50}},{"start":{"line":206,"column":50},"end":{"line":206,"column":null}}],"line":206},"21":{"loc":{"start":{"line":211,"column":15},"end":{"line":211,"column":null}},"type":"binary-expr","locations":[{"start":{"line":211,"column":15},"end":{"line":211,"column":37}},{"start":{"line":211,"column":37},"end":{"line":211,"column":null}}],"line":211},"22":{"loc":{"start":{"line":227,"column":4},"end":{"line":246,"column":null}},"type":"switch","locations":[{"start":{"line":228,"column":6},"end":{"line":228,"column":null}},{"start":{"line":229,"column":6},"end":{"line":238,"column":null}},{"start":{"line":240,"column":6},"end":{"line":242,"column":null}},{"start":{"line":244,"column":6},"end":{"line":245,"column":null}}],"line":227},"23":{"loc":{"start":{"line":231,"column":8},"end":{"line":233,"column":null}},"type":"if","locations":[{"start":{"line":231,"column":8},"end":{"line":233,"column":null}},{"start":{},"end":{}}],"line":231},"24":{"loc":{"start":{"line":235,"column":8},"end":{"line":237,"column":null}},"type":"if","locations":[{"start":{"line":235,"column":8},"end":{"line":237,"column":null}},{"start":{},"end":{}}],"line":235},"25":{"loc":{"start":{"line":235,"column":12},"end":{"line":235,"column":53}},"type":"binary-expr","locations":[{"start":{"line":235,"column":12},"end":{"line":235,"column":34}},{"start":{"line":235,"column":34},"end":{"line":235,"column":53}}],"line":235},"26":{"loc":{"start":{"line":258,"column":4},"end":{"line":270,"column":null}},"type":"switch","locations":[{"start":{"line":259,"column":6},"end":{"line":261,"column":null}},{"start":{"line":263,"column":6},"end":{"line":263,"column":null}},{"start":{"line":264,"column":6},"end":{"line":266,"column":null}},{"start":{"line":268,"column":6},"end":{"line":269,"column":null}}],"line":258},"27":{"loc":{"start":{"line":283,"column":4},"end":{"line":306,"column":null}},"type":"switch","locations":[{"start":{"line":284,"column":6},"end":{"line":297,"column":null}},{"start":{"line":299,"column":6},"end":{"line":299,"column":null}},{"start":{"line":300,"column":6},"end":{"line":302,"column":null}},{"start":{"line":304,"column":6},"end":{"line":305,"column":null}}],"line":283},"28":{"loc":{"start":{"line":286,"column":8},"end":{"line":288,"column":null}},"type":"if","locations":[{"start":{"line":286,"column":8},"end":{"line":288,"column":null}},{"start":{},"end":{}}],"line":286},"29":{"loc":{"start":{"line":290,"column":8},"end":{"line":292,"column":null}},"type":"if","locations":[{"start":{"line":290,"column":8},"end":{"line":292,"column":null}},{"start":{},"end":{}}],"line":290},"30":{"loc":{"start":{"line":290,"column":12},"end":{"line":290,"column":79}},"type":"binary-expr","locations":[{"start":{"line":290,"column":12},"end":{"line":290,"column":34}},{"start":{"line":290,"column":34},"end":{"line":290,"column":79}}],"line":290},"31":{"loc":{"start":{"line":294,"column":8},"end":{"line":296,"column":null}},"type":"if","locations":[{"start":{"line":294,"column":8},"end":{"line":296,"column":null}},{"start":{},"end":{}}],"line":294},"32":{"loc":{"start":{"line":314,"column":11},"end":{"line":314,"column":null}},"type":"binary-expr","locations":[{"start":{"line":314,"column":11},"end":{"line":314,"column":67}},{"start":{"line":314,"column":67},"end":{"line":314,"column":null}}],"line":314},"33":{"loc":{"start":{"line":321,"column":11},"end":{"line":321,"column":null}},"type":"binary-expr","locations":[{"start":{"line":321,"column":11},"end":{"line":321,"column":33}},{"start":{"line":321,"column":33},"end":{"line":321,"column":null}}],"line":321},"34":{"loc":{"start":{"line":328,"column":11},"end":{"line":328,"column":null}},"type":"binary-expr","locations":[{"start":{"line":328,"column":11},"end":{"line":328,"column":36}},{"start":{"line":328,"column":36},"end":{"line":328,"column":null}}],"line":328},"35":{"loc":{"start":{"line":335,"column":11},"end":{"line":335,"column":null}},"type":"binary-expr","locations":[{"start":{"line":335,"column":11},"end":{"line":335,"column":44}},{"start":{"line":335,"column":44},"end":{"line":335,"column":null}}],"line":335},"36":{"loc":{"start":{"line":342,"column":11},"end":{"line":342,"column":null}},"type":"binary-expr","locations":[{"start":{"line":342,"column":11},"end":{"line":342,"column":40}},{"start":{"line":342,"column":40},"end":{"line":342,"column":null}}],"line":342},"37":{"loc":{"start":{"line":349,"column":4},"end":{"line":354,"column":null}},"type":"if","locations":[{"start":{"line":349,"column":4},"end":{"line":354,"column":null}},{"start":{},"end":{}}],"line":349},"38":{"loc":{"start":{"line":361,"column":4},"end":{"line":366,"column":null}},"type":"if","locations":[{"start":{"line":361,"column":4},"end":{"line":366,"column":null}},{"start":{},"end":{}}],"line":361}},"s":{"0":35,"1":34,"2":1,"3":70,"4":0,"5":70,"6":2,"7":0,"8":2,"9":3,"10":2,"11":0,"12":2,"13":4,"14":15,"15":0,"16":15,"17":3,"18":12,"19":12,"20":1,"21":11,"22":11,"23":0,"24":11,"25":11,"26":6,"27":3,"28":2,"29":0,"30":0,"31":0,"32":6,"33":5,"34":2,"35":3,"36":1,"37":2,"38":0,"39":2,"40":1,"41":0,"42":3,"43":0,"44":0,"45":0,"46":0,"47":0,"48":3,"49":0,"50":0,"51":2,"52":0,"53":0,"54":0,"55":0,"56":0,"57":2,"58":0,"59":0,"60":0,"61":0,"62":0,"63":0,"64":0,"65":0,"66":0,"67":0,"68":0,"69":0,"70":0,"71":0,"72":0,"73":12,"74":12,"75":2,"76":2,"77":1,"78":0,"79":2,"80":1,"81":2,"82":1,"83":2,"84":1},"f":{"0":34,"1":1,"2":70,"3":2,"4":3,"5":2,"6":4,"7":15,"8":11,"9":6,"10":3,"11":2,"12":0,"13":0,"14":12,"15":2,"16":2,"17":1,"18":0,"19":2,"20":2,"21":2},"b":{"0":[34,0],"1":[0,70],"2":[0,2],"3":[0,2],"4":[0,15],"5":[3,12],"6":[1,11],"7":[0,11],"8":[6,3,2,0,0,0],"9":[5,1,1,0],"10":[2,3],"11":[5,4],"12":[1,2],"13":[3,1],"14":[0,2],"15":[1,1],"16":[0,3,0,0,0],"17":[0,0],"18":[0,0],"19":[0,0],"20":[3,2],"21":[0,0],"22":[0,0,2,0],"23":[0,0],"24":[0,0],"25":[0,0],"26":[0,0,0,0],"27":[0,0,0,0],"28":[0,0],"29":[0,0],"30":[0,0],"31":[0,0],"32":[12,5],"33":[2,1],"34":[2,1],"35":[1,0],"36":[0,0],"37":[1,1],"38":[1,1]},"meta":{"lastBranch":39,"lastFunction":22,"lastStatement":85,"seen":{"s:24:49:24:Infinity":0,"f:29:2:29:13":0,"s:30:4:35:Infinity":1,"b:34:19:34:45:34:45:34:Infinity":0,"f:41:2:41:16":1,"s:42:4:42:Infinity":2,"f:51:2:51:16":2,"b:52:4:54:Infinity:undefined:undefined:undefined:undefined":1,"s:52:4:54:Infinity":3,"s:53:6:53:Infinity":4,"s:56:4:56:Infinity":5,"f:65:2:65:19":3,"b:66:4:68:Infinity:undefined:undefined:undefined:undefined":2,"s:66:4:68:Infinity":6,"s:67:6:67:Infinity":7,"s:70:4:70:Infinity":8,"f:70:28:70:42":4,"s:70:42:70:72":9,"f:79:2:79:20":5,"b:80:4:82:Infinity:undefined:undefined:undefined:undefined":3,"s:80:4:82:Infinity":10,"s:81:6:81:Infinity":11,"s:84:4:84:Infinity":12,"f:84:29:84:43":6,"s:84:43:84:73":13,"f:95:2:95:6":7,"b:96:4:98:Infinity:undefined:undefined:undefined:undefined":4,"s:96:4:98:Infinity":14,"s:97:6:97:Infinity":15,"b:101:4:103:Infinity:undefined:undefined:undefined:undefined":5,"s:101:4:103:Infinity":16,"s:102:6:102:Infinity":17,"s:106:23:106:Infinity":18,"b:107:4:109:Infinity:undefined:undefined:undefined:undefined":6,"s:107:4:109:Infinity":19,"s:108:6:108:Infinity":20,"s:112:4:112:Infinity":21,"f:119:10:119:30":8,"b:120:4:122:Infinity:undefined:undefined:undefined:undefined":7,"s:120:4:122:Infinity":22,"s:121:6:121:Infinity":23,"s:124:47:124:Infinity":24,"b:127:6:128:Infinity:130:6:131:Infinity:133:6:134:Infinity:136:6:137:Infinity:139:6:140:Infinity:142:6:143:Infinity":8,"s:126:4:144:Infinity":25,"s:128:8:128:Infinity":26,"s:131:8:131:Infinity":27,"s:134:8:134:Infinity":28,"s:137:8:137:Infinity":29,"s:140:8:140:Infinity":30,"s:143:8:143:Infinity":31,"f:150:10:150:Infinity":9,"b:158:6:171:Infinity:173:6:173:Infinity:174:6:176:Infinity:178:6:179:Infinity":9,"s:157:4:180:Infinity":32,"b:160:8:162:Infinity:undefined:undefined:undefined:undefined":10,"s:160:8:162:Infinity":33,"b:160:12:160:34:160:34:160:66":11,"s:161:10:161:Infinity":34,"b:164:8:166:Infinity:undefined:undefined:undefined:undefined":12,"s:164:8:166:Infinity":35,"b:164:12:164:33:164:33:164:64":13,"s:165:10:165:Infinity":36,"b:168:8:170:Infinity:undefined:undefined:undefined:undefined":14,"s:168:8:170:Infinity":37,"s:169:10:169:Infinity":38,"s:171:8:171:Infinity":39,"s:176:8:176:Infinity":40,"b:176:15:176:37:176:37:176:Infinity":15,"s:179:8:179:Infinity":41,"f:186:10:186:Infinity":10,"b:193:6:202:Infinity:204:6:206:Infinity:208:6:208:Infinity:209:6:211:Infinity:213:6:214:Infinity":16,"s:192:4:215:Infinity":42,"b:195:8:197:Infinity:undefined:undefined:undefined:undefined":17,"s:195:8:197:Infinity":43,"s:196:10:196:Infinity":44,"b:199:8:201:Infinity:undefined:undefined:undefined:undefined":18,"s:199:8:201:Infinity":45,"b:199:12:199:34:199:34:199:66":19,"s:200:10:200:Infinity":46,"s:202:8:202:Infinity":47,"s:206:8:206:Infinity":48,"b:206:15:206:50:206:50:206:Infinity":20,"s:211:8:211:Infinity":49,"b:211:15:211:37:211:37:211:Infinity":21,"s:214:8:214:Infinity":50,"f:221:10:221:Infinity":11,"b:228:6:228:Infinity:229:6:238:Infinity:240:6:242:Infinity:244:6:245:Infinity":22,"s:227:4:246:Infinity":51,"b:231:8:233:Infinity:undefined:undefined:undefined:undefined":23,"s:231:8:233:Infinity":52,"s:232:10:232:Infinity":53,"b:235:8:237:Infinity:undefined:undefined:undefined:undefined":24,"s:235:8:237:Infinity":54,"b:235:12:235:34:235:34:235:53":25,"s:236:10:236:Infinity":55,"s:238:8:238:Infinity":56,"s:242:8:242:Infinity":57,"s:245:8:245:Infinity":58,"f:252:10:252:Infinity":12,"b:259:6:261:Infinity:263:6:263:Infinity:264:6:266:Infinity:268:6:269:Infinity":26,"s:258:4:270:Infinity":59,"s:261:8:261:Infinity":60,"s:266:8:266:Infinity":61,"s:269:8:269:Infinity":62,"f:276:10:276:Infinity":13,"b:284:6:297:Infinity:299:6:299:Infinity:300:6:302:Infinity:304:6:305:Infinity":27,"s:283:4:306:Infinity":63,"b:286:8:288:Infinity:undefined:undefined:undefined:undefined":28,"s:286:8:288:Infinity":64,"s:287:10:287:Infinity":65,"b:290:8:292:Infinity:undefined:undefined:undefined:undefined":29,"s:290:8:292:Infinity":66,"b:290:12:290:34:290:34:290:79":30,"s:291:10:291:Infinity":67,"b:294:8:296:Infinity:undefined:undefined:undefined:undefined":31,"s:294:8:296:Infinity":68,"s:295:10:295:Infinity":69,"s:297:8:297:Infinity":70,"s:302:8:302:Infinity":71,"s:305:8:305:Infinity":72,"f:312:10:312:33":14,"s:313:26:313:Infinity":73,"s:314:4:314:Infinity":74,"b:314:11:314:67:314:67:314:Infinity":32,"f:320:2:320:25":15,"s:321:4:321:Infinity":75,"b:321:11:321:33:321:33:321:Infinity":33,"f:327:2:327:29":16,"s:328:4:328:Infinity":76,"b:328:11:328:36:328:36:328:Infinity":34,"f:334:2:334:37":17,"s:335:4:335:Infinity":77,"b:335:11:335:44:335:44:335:Infinity":35,"f:341:2:341:33":18,"s:342:4:342:Infinity":78,"b:342:11:342:40:342:40:342:Infinity":36,"f:348:2:348:19":19,"b:349:4:354:Infinity:undefined:undefined:undefined:undefined":37,"s:349:4:354:Infinity":79,"s:350:6:353:Infinity":80,"f:360:2:360:12":20,"b:361:4:366:Infinity:undefined:undefined:undefined:undefined":38,"s:361:4:366:Infinity":81,"s:362:6:365:Infinity":82,"f:372:10:372:26":21,"s:373:4:376:Infinity":83,"s:383:36:383:Infinity":84}}}
,"/Users/mattbernier/projects/unicorn/UNI-Construct/apps/forsured-web/src/lib/auth/oauthService.ts": {"path":"/Users/mattbernier/projects/unicorn/UNI-Construct/apps/forsured-web/src/lib/auth/oauthService.ts","statementMap":{"0":{"start":{"line":34,"column":19},"end":{"line":34,"column":null}},"1":{"start":{"line":35,"column":19},"end":{"line":35,"column":null}},"2":{"start":{"line":36,"column":22},"end":{"line":36,"column":null}},"3":{"start":{"line":37,"column":23},"end":{"line":37,"column":null}},"4":{"start":{"line":38,"column":24},"end":{"line":38,"column":null}},"5":{"start":{"line":39,"column":16},"end":{"line":39,"column":null}},"6":{"start":{"line":42,"column":2},"end":{"line":44,"column":null}},"7":{"start":{"line":43,"column":4},"end":{"line":43,"column":null}},"8":{"start":{"line":46,"column":2},"end":{"line":52,"column":null}},"9":{"start":{"line":63,"column":4},"end":{"line":63,"column":null}},"10":{"start":{"line":71,"column":4},"end":{"line":91,"column":null}},"11":{"start":{"line":73,"column":25},"end":{"line":73,"column":null}},"12":{"start":{"line":76,"column":6},"end":{"line":76,"column":null}},"13":{"start":{"line":77,"column":6},"end":{"line":77,"column":null}},"14":{"start":{"line":80,"column":22},"end":{"line":80,"column":null}},"15":{"start":{"line":83,"column":6},"end":{"line":83,"column":null}},"16":{"start":{"line":85,"column":6},"end":{"line":85,"column":null}},"17":{"start":{"line":86,"column":6},"end":{"line":90,"column":null}},"18":{"start":{"line":98,"column":45},"end":{"line":106,"column":null}},"19":{"start":{"line":108,"column":16},"end":{"line":108,"column":null}},"20":{"start":{"line":109,"column":4},"end":{"line":111,"column":null}},"21":{"start":{"line":110,"column":6},"end":{"line":110,"column":null}},"22":{"start":{"line":113,"column":4},"end":{"line":113,"column":null}},"23":{"start":{"line":125,"column":4},"end":{"line":153,"column":null}},"24":{"start":{"line":127,"column":6},"end":{"line":127,"column":null}},"25":{"start":{"line":130,"column":27},"end":{"line":130,"column":null}},"26":{"start":{"line":133,"column":21},"end":{"line":133,"column":null}},"27":{"start":{"line":136,"column":6},"end":{"line":136,"column":null}},"28":{"start":{"line":138,"column":6},"end":{"line":138,"column":null}},"29":{"start":{"line":141,"column":6},"end":{"line":141,"column":null}},"30":{"start":{"line":143,"column":6},"end":{"line":145,"column":null}},"31":{"start":{"line":144,"column":8},"end":{"line":144,"column":null}},"32":{"start":{"line":147,"column":6},"end":{"line":147,"column":null}},"33":{"start":{"line":148,"column":6},"end":{"line":152,"column":null}},"34":{"start":{"line":160,"column":24},"end":{"line":160,"column":null}},"35":{"start":{"line":162,"column":4},"end":{"line":167,"column":null}},"36":{"start":{"line":163,"column":6},"end":{"line":166,"column":null}},"37":{"start":{"line":169,"column":4},"end":{"line":174,"column":null}},"38":{"start":{"line":170,"column":6},"end":{"line":173,"column":null}},"39":{"start":{"line":176,"column":4},"end":{"line":181,"column":null}},"40":{"start":{"line":177,"column":6},"end":{"line":180,"column":null}},"41":{"start":{"line":188,"column":25},"end":{"line":188,"column":null}},"42":{"start":{"line":190,"column":4},"end":{"line":195,"column":null}},"43":{"start":{"line":191,"column":6},"end":{"line":194,"column":null}},"44":{"start":{"line":197,"column":4},"end":{"line":202,"column":null}},"45":{"start":{"line":198,"column":6},"end":{"line":201,"column":null}},"46":{"start":{"line":204,"column":4},"end":{"line":204,"column":null}},"47":{"start":{"line":214,"column":46},"end":{"line":220,"column":null}},"48":{"start":{"line":222,"column":21},"end":{"line":228,"column":null}},"49":{"start":{"line":230,"column":4},"end":{"line":238,"column":null}},"50":{"start":{"line":231,"column":24},"end":{"line":231,"column":null}},"51":{"start":{"line":232,"column":6},"end":{"line":232,"column":null}},"52":{"start":{"line":233,"column":6},"end":{"line":237,"column":null}},"53":{"start":{"line":240,"column":34},"end":{"line":240,"column":null}},"54":{"start":{"line":243,"column":4},"end":{"line":248,"column":null}},"55":{"start":{"line":244,"column":6},"end":{"line":247,"column":null}},"56":{"start":{"line":250,"column":4},"end":{"line":250,"column":null}},"57":{"start":{"line":260,"column":4},"end":{"line":307,"column":null}},"58":{"start":{"line":261,"column":48},"end":{"line":266,"column":null}},"59":{"start":{"line":268,"column":23},"end":{"line":274,"column":null}},"60":{"start":{"line":276,"column":6},"end":{"line":284,"column":null}},"61":{"start":{"line":277,"column":26},"end":{"line":277,"column":null}},"62":{"start":{"line":278,"column":8},"end":{"line":278,"column":null}},"63":{"start":{"line":279,"column":8},"end":{"line":283,"column":null}},"64":{"start":{"line":286,"column":36},"end":{"line":286,"column":null}},"65":{"start":{"line":288,"column":6},"end":{"line":293,"column":null}},"66":{"start":{"line":289,"column":8},"end":{"line":292,"column":null}},"67":{"start":{"line":295,"column":6},"end":{"line":295,"column":null}},"68":{"start":{"line":297,"column":6},"end":{"line":299,"column":null}},"69":{"start":{"line":298,"column":8},"end":{"line":298,"column":null}},"70":{"start":{"line":301,"column":6},"end":{"line":301,"column":null}},"71":{"start":{"line":302,"column":6},"end":{"line":306,"column":null}},"72":{"start":{"line":314,"column":4},"end":{"line":314,"column":null}},"73":{"start":{"line":315,"column":4},"end":{"line":315,"column":null}},"74":{"start":{"line":326,"column":4},"end":{"line":330,"column":null}},"75":{"start":{"line":337,"column":29},"end":{"line":337,"column":null}}},"fnMap":{"0":{"name":"getOAuthConfig","decl":{"start":{"line":33,"column":9},"end":{"line":33,"column":39}},"loc":{"start":{"line":33,"column":39},"end":{"line":53,"column":null}},"line":33},"1":{"name":"(anonymous_1)","decl":{"start":{"line":62,"column":2},"end":{"line":62,"column":16}},"loc":{"start":{"line":62,"column":16},"end":{"line":64,"column":null}},"line":62},"2":{"name":"(anonymous_2)","decl":{"start":{"line":70,"column":8},"end":{"line":70,"column":39}},"loc":{"start":{"line":70,"column":39},"end":{"line":92,"column":null}},"line":70},"3":{"name":"(anonymous_3)","decl":{"start":{"line":97,"column":10},"end":{"line":97,"column":32}},"loc":{"start":{"line":97,"column":94},"end":{"line":114,"column":null}},"line":97},"4":{"name":"(anonymous_4)","decl":{"start":{"line":109,"column":35},"end":{"line":109,"column":36}},"loc":{"start":{"line":109,"column":53},"end":{"line":111,"column":5}},"line":109},"5":{"name":"(anonymous_5)","decl":{"start":{"line":124,"column":8},"end":{"line":124,"column":23}},"loc":{"start":{"line":124,"column":76},"end":{"line":154,"column":null}},"line":124},"6":{"name":"(anonymous_6)","decl":{"start":{"line":159,"column":10},"end":{"line":159,"column":33}},"loc":{"start":{"line":159,"column":54},"end":{"line":182,"column":null}},"line":159},"7":{"name":"(anonymous_7)","decl":{"start":{"line":187,"column":10},"end":{"line":187,"column":36}},"loc":{"start":{"line":187,"column":36},"end":{"line":205,"column":null}},"line":187},"8":{"name":"(anonymous_8)","decl":{"start":{"line":210,"column":16},"end":{"line":210,"column":null}},"loc":{"start":{"line":213,"column":28},"end":{"line":251,"column":null}},"line":213},"9":{"name":"(anonymous_9)","decl":{"start":{"line":259,"column":8},"end":{"line":259,"column":27}},"loc":{"start":{"line":259,"column":73},"end":{"line":308,"column":null}},"line":259},"10":{"name":"(anonymous_10)","decl":{"start":{"line":313,"column":10},"end":{"line":313,"column":35}},"loc":{"start":{"line":313,"column":35},"end":{"line":316,"column":null}},"line":313},"11":{"name":"(anonymous_11)","decl":{"start":{"line":321,"column":10},"end":{"line":321,"column":null}},"loc":{"start":{"line":325,"column":15},"end":{"line":331,"column":null}},"line":325}},"branchMap":{"0":{"loc":{"start":{"line":36,"column":22},"end":{"line":36,"column":null}},"type":"binary-expr","locations":[{"start":{"line":36,"column":22},"end":{"line":36,"column":68}},{"start":{"line":36,"column":68},"end":{"line":36,"column":null}}],"line":36},"1":{"loc":{"start":{"line":37,"column":23},"end":{"line":37,"column":null}},"type":"binary-expr","locations":[{"start":{"line":37,"column":23},"end":{"line":37,"column":70}},{"start":{"line":37,"column":70},"end":{"line":37,"column":null}}],"line":37},"2":{"loc":{"start":{"line":38,"column":24},"end":{"line":38,"column":null}},"type":"binary-expr","locations":[{"start":{"line":38,"column":24},"end":{"line":38,"column":72}},{"start":{"line":38,"column":72},"end":{"line":38,"column":null}}],"line":38},"3":{"loc":{"start":{"line":39,"column":16},"end":{"line":39,"column":null}},"type":"binary-expr","locations":[{"start":{"line":39,"column":16},"end":{"line":39,"column":55}},{"start":{"line":39,"column":55},"end":{"line":39,"column":null}}],"line":39},"4":{"loc":{"start":{"line":42,"column":2},"end":{"line":44,"column":null}},"type":"if","locations":[{"start":{"line":42,"column":2},"end":{"line":44,"column":null}},{"start":{},"end":{}}],"line":42},"5":{"loc":{"start":{"line":42,"column":6},"end":{"line":42,"column":29}},"type":"binary-expr","locations":[{"start":{"line":42,"column":6},"end":{"line":42,"column":18}},{"start":{"line":42,"column":18},"end":{"line":42,"column":29}}],"line":42},"6":{"loc":{"start":{"line":47,"column":14},"end":{"line":47,"column":null}},"type":"binary-expr","locations":[{"start":{"line":47,"column":14},"end":{"line":47,"column":26}},{"start":{"line":47,"column":26},"end":{"line":47,"column":null}}],"line":47},"7":{"loc":{"start":{"line":143,"column":6},"end":{"line":145,"column":null}},"type":"if","locations":[{"start":{"line":143,"column":6},"end":{"line":145,"column":null}},{"start":{},"end":{}}],"line":143},"8":{"loc":{"start":{"line":143,"column":10},"end":{"line":143,"column":53}},"type":"binary-expr","locations":[{"start":{"line":143,"column":10},"end":{"line":143,"column":36}},{"start":{"line":143,"column":36},"end":{"line":143,"column":53}}],"line":143},"9":{"loc":{"start":{"line":162,"column":4},"end":{"line":167,"column":null}},"type":"if","locations":[{"start":{"line":162,"column":4},"end":{"line":167,"column":null}},{"start":{},"end":{}}],"line":162},"10":{"loc":{"start":{"line":169,"column":4},"end":{"line":174,"column":null}},"type":"if","locations":[{"start":{"line":169,"column":4},"end":{"line":174,"column":null}},{"start":{},"end":{}}],"line":169},"11":{"loc":{"start":{"line":176,"column":4},"end":{"line":181,"column":null}},"type":"if","locations":[{"start":{"line":176,"column":4},"end":{"line":181,"column":null}},{"start":{},"end":{}}],"line":176},"12":{"loc":{"start":{"line":190,"column":4},"end":{"line":195,"column":null}},"type":"if","locations":[{"start":{"line":190,"column":4},"end":{"line":195,"column":null}},{"start":{},"end":{}}],"line":190},"13":{"loc":{"start":{"line":197,"column":4},"end":{"line":202,"column":null}},"type":"if","locations":[{"start":{"line":197,"column":4},"end":{"line":202,"column":null}},{"start":{},"end":{}}],"line":197},"14":{"loc":{"start":{"line":230,"column":4},"end":{"line":238,"column":null}},"type":"if","locations":[{"start":{"line":230,"column":4},"end":{"line":238,"column":null}},{"start":{},"end":{}}],"line":230},"15":{"loc":{"start":{"line":243,"column":4},"end":{"line":248,"column":null}},"type":"if","locations":[{"start":{"line":243,"column":4},"end":{"line":248,"column":null}},{"start":{},"end":{}}],"line":243},"16":{"loc":{"start":{"line":243,"column":8},"end":{"line":243,"column":55}},"type":"binary-expr","locations":[{"start":{"line":243,"column":8},"end":{"line":243,"column":32}},{"start":{"line":243,"column":32},"end":{"line":243,"column":55}}],"line":243},"17":{"loc":{"start":{"line":276,"column":6},"end":{"line":284,"column":null}},"type":"if","locations":[{"start":{"line":276,"column":6},"end":{"line":284,"column":null}},{"start":{},"end":{}}],"line":276},"18":{"loc":{"start":{"line":288,"column":6},"end":{"line":293,"column":null}},"type":"if","locations":[{"start":{"line":288,"column":6},"end":{"line":293,"column":null}},{"start":{},"end":{}}],"line":288},"19":{"loc":{"start":{"line":297,"column":6},"end":{"line":299,"column":null}},"type":"if","locations":[{"start":{"line":297,"column":6},"end":{"line":299,"column":null}},{"start":{},"end":{}}],"line":297},"20":{"loc":{"start":{"line":297,"column":10},"end":{"line":297,"column":53}},"type":"binary-expr","locations":[{"start":{"line":297,"column":10},"end":{"line":297,"column":36}},{"start":{"line":297,"column":36},"end":{"line":297,"column":53}}],"line":297}},"s":{"0":24,"1":24,"2":24,"3":24,"4":24,"5":24,"6":24,"7":0,"8":24,"9":24,"10":8,"11":8,"12":8,"13":8,"14":8,"15":8,"16":0,"17":0,"18":8,"19":8,"20":8,"21":56,"22":8,"23":12,"24":12,"25":12,"26":12,"27":4,"28":4,"29":8,"30":8,"31":0,"32":8,"33":8,"34":12,"35":12,"36":1,"37":11,"38":0,"39":11,"40":2,"41":9,"42":9,"43":1,"44":8,"45":0,"46":8,"47":8,"48":8,"49":7,"50":2,"51":2,"52":2,"53":5,"54":5,"55":1,"56":4,"57":4,"58":4,"59":4,"60":4,"61":1,"62":1,"63":1,"64":3,"65":3,"66":1,"67":2,"68":2,"69":0,"70":2,"71":2,"72":12,"73":12,"74":19,"75":1},"f":{"0":24,"1":24,"2":8,"3":8,"4":56,"5":12,"6":12,"7":9,"8":8,"9":4,"10":12,"11":19},"b":{"0":[24,24],"1":[24,24],"2":[24,24],"3":[24,24],"4":[0,24],"5":[24,0],"6":[24,24],"7":[0,8],"8":[8,1],"9":[1,11],"10":[0,11],"11":[2,9],"12":[1,8],"13":[0,8],"14":[2,5],"15":[1,4],"16":[5,5],"17":[1,3],"18":[1,2],"19":[0,2],"20":[2,0]},"meta":{"lastBranch":21,"lastFunction":12,"lastStatement":76,"seen":{"f:33:9:33:39":0,"s:34:19:34:Infinity":0,"s:35:19:35:Infinity":1,"s:36:22:36:Infinity":2,"b:36:22:36:68:36:68:36:Infinity":0,"s:37:23:37:Infinity":3,"b:37:23:37:70:37:70:37:Infinity":1,"s:38:24:38:Infinity":4,"b:38:24:38:72:38:72:38:Infinity":2,"s:39:16:39:Infinity":5,"b:39:16:39:55:39:55:39:Infinity":3,"b:42:2:44:Infinity:undefined:undefined:undefined:undefined":4,"s:42:2:44:Infinity":6,"b:42:6:42:18:42:18:42:29":5,"s:43:4:43:Infinity":7,"s:46:2:52:Infinity":8,"b:47:14:47:26:47:26:47:Infinity":6,"f:62:2:62:16":1,"s:63:4:63:Infinity":9,"f:70:8:70:39":2,"s:71:4:91:Infinity":10,"s:73:25:73:Infinity":11,"s:76:6:76:Infinity":12,"s:77:6:77:Infinity":13,"s:80:22:80:Infinity":14,"s:83:6:83:Infinity":15,"s:85:6:85:Infinity":16,"s:86:6:90:Infinity":17,"f:97:10:97:32":3,"s:98:45:106:Infinity":18,"s:108:16:108:Infinity":19,"s:109:4:111:Infinity":20,"f:109:35:109:36":4,"s:110:6:110:Infinity":21,"s:113:4:113:Infinity":22,"f:124:8:124:23":5,"s:125:4:153:Infinity":23,"s:127:6:127:Infinity":24,"s:130:27:130:Infinity":25,"s:133:21:133:Infinity":26,"s:136:6:136:Infinity":27,"s:138:6:138:Infinity":28,"s:141:6:141:Infinity":29,"b:143:6:145:Infinity:undefined:undefined:undefined:undefined":7,"s:143:6:145:Infinity":30,"b:143:10:143:36:143:36:143:53":8,"s:144:8:144:Infinity":31,"s:147:6:147:Infinity":32,"s:148:6:152:Infinity":33,"f:159:10:159:33":6,"s:160:24:160:Infinity":34,"b:162:4:167:Infinity:undefined:undefined:undefined:undefined":9,"s:162:4:167:Infinity":35,"s:163:6:166:Infinity":36,"b:169:4:174:Infinity:undefined:undefined:undefined:undefined":10,"s:169:4:174:Infinity":37,"s:170:6:173:Infinity":38,"b:176:4:181:Infinity:undefined:undefined:undefined:undefined":11,"s:176:4:181:Infinity":39,"s:177:6:180:Infinity":40,"f:187:10:187:36":7,"s:188:25:188:Infinity":41,"b:190:4:195:Infinity:undefined:undefined:undefined:undefined":12,"s:190:4:195:Infinity":42,"s:191:6:194:Infinity":43,"b:197:4:202:Infinity:undefined:undefined:undefined:undefined":13,"s:197:4:202:Infinity":44,"s:198:6:201:Infinity":45,"s:204:4:204:Infinity":46,"f:210:16:210:Infinity":8,"s:214:46:220:Infinity":47,"s:222:21:228:Infinity":48,"b:230:4:238:Infinity:undefined:undefined:undefined:undefined":14,"s:230:4:238:Infinity":49,"s:231:24:231:Infinity":50,"s:232:6:232:Infinity":51,"s:233:6:237:Infinity":52,"s:240:34:240:Infinity":53,"b:243:4:248:Infinity:undefined:undefined:undefined:undefined":15,"s:243:4:248:Infinity":54,"b:243:8:243:32:243:32:243:55":16,"s:244:6:247:Infinity":55,"s:250:4:250:Infinity":56,"f:259:8:259:27":9,"s:260:4:307:Infinity":57,"s:261:48:266:Infinity":58,"s:268:23:274:Infinity":59,"b:276:6:284:Infinity:undefined:undefined:undefined:undefined":17,"s:276:6:284:Infinity":60,"s:277:26:277:Infinity":61,"s:278:8:278:Infinity":62,"s:279:8:283:Infinity":63,"s:286:36:286:Infinity":64,"b:288:6:293:Infinity:undefined:undefined:undefined:undefined":18,"s:288:6:293:Infinity":65,"s:289:8:292:Infinity":66,"s:295:6:295:Infinity":67,"b:297:6:299:Infinity:undefined:undefined:undefined:undefined":19,"s:297:6:299:Infinity":68,"b:297:10:297:36:297:36:297:53":20,"s:298:8:298:Infinity":69,"s:301:6:301:Infinity":70,"s:302:6:306:Infinity":71,"f:313:10:313:35":10,"s:314:4:314:Infinity":72,"s:315:4:315:Infinity":73,"f:321:10:321:Infinity":11,"s:326:4:330:Infinity":74,"s:337:29:337:Infinity":75}}}
,"/Users/mattbernier/projects/unicorn/UNI-Construct/apps/forsured-web/src/lib/auth/pkce.ts": {"path":"/Users/mattbernier/projects/unicorn/UNI-Construct/apps/forsured-web/src/lib/auth/pkce.ts","statementMap":{"0":{"start":{"line":20,"column":16},"end":{"line":20,"column":null}},"1":{"start":{"line":21,"column":2},"end":{"line":21,"column":null}},"2":{"start":{"line":24,"column":2},"end":{"line":24,"column":null}},"3":{"start":{"line":36,"column":18},"end":{"line":36,"column":null}},"4":{"start":{"line":37,"column":15},"end":{"line":37,"column":null}},"5":{"start":{"line":40,"column":21},"end":{"line":40,"column":null}},"6":{"start":{"line":41,"column":20},"end":{"line":41,"column":null}},"7":{"start":{"line":44,"column":2},"end":{"line":44,"column":null}},"8":{"start":{"line":53,"column":16},"end":{"line":53,"column":null}},"9":{"start":{"line":54,"column":2},"end":{"line":54,"column":null}},"10":{"start":{"line":55,"column":2},"end":{"line":55,"column":null}},"11":{"start":{"line":65,"column":23},"end":{"line":65,"column":null}},"12":{"start":{"line":66,"column":24},"end":{"line":66,"column":null}},"13":{"start":{"line":67,"column":16},"end":{"line":67,"column":null}},"14":{"start":{"line":69,"column":2},"end":{"line":73,"column":null}},"15":{"start":{"line":85,"column":17},"end":{"line":85,"column":null}},"16":{"start":{"line":88,"column":2},"end":{"line":91,"column":null}},"17":{"start":{"line":102,"column":15},"end":{"line":104,"column":null}},"18":{"start":{"line":107,"column":14},"end":{"line":107,"column":null}},"19":{"start":{"line":108,"column":2},"end":{"line":113,"column":null}},"20":{"start":{"line":109,"column":4},"end":{"line":111,"column":null}},"21":{"start":{"line":110,"column":6},"end":{"line":110,"column":null}},"22":{"start":{"line":112,"column":4},"end":{"line":112,"column":null}},"23":{"start":{"line":116,"column":2},"end":{"line":116,"column":null}},"24":{"start":{"line":127,"column":2},"end":{"line":129,"column":null}},"25":{"start":{"line":128,"column":4},"end":{"line":128,"column":null}},"26":{"start":{"line":132,"column":25},"end":{"line":132,"column":null}},"27":{"start":{"line":133,"column":2},"end":{"line":133,"column":null}},"28":{"start":{"line":143,"column":2},"end":{"line":145,"column":null}},"29":{"start":{"line":144,"column":4},"end":{"line":144,"column":null}},"30":{"start":{"line":148,"column":27},"end":{"line":148,"column":null}},"31":{"start":{"line":149,"column":2},"end":{"line":149,"column":null}}},"fnMap":{"0":{"name":"generateCodeVerifier","decl":{"start":{"line":18,"column":16},"end":{"line":18,"column":47}},"loc":{"start":{"line":18,"column":47},"end":{"line":25,"column":null}},"line":18},"1":{"name":"generateCodeChallenge","decl":{"start":{"line":34,"column":22},"end":{"line":34,"column":44}},"loc":{"start":{"line":34,"column":79},"end":{"line":45,"column":null}},"line":34},"2":{"name":"generateState","decl":{"start":{"line":52,"column":16},"end":{"line":52,"column":40}},"loc":{"start":{"line":52,"column":40},"end":{"line":56,"column":null}},"line":52},"3":{"name":"generatePKCEParams","decl":{"start":{"line":64,"column":22},"end":{"line":64,"column":64}},"loc":{"start":{"line":64,"column":64},"end":{"line":74,"column":null}},"line":64},"4":{"name":"base64UrlEncode","decl":{"start":{"line":83,"column":9},"end":{"line":83,"column":25}},"loc":{"start":{"line":83,"column":53},"end":{"line":92,"column":null}},"line":83},"5":{"name":"base64UrlDecode","decl":{"start":{"line":100,"column":16},"end":{"line":100,"column":32}},"loc":{"start":{"line":100,"column":59},"end":{"line":117,"column":null}},"line":100},"6":{"name":"validateCodeVerifier","decl":{"start":{"line":126,"column":16},"end":{"line":126,"column":37}},"loc":{"start":{"line":126,"column":64},"end":{"line":134,"column":null}},"line":126},"7":{"name":"validateState","decl":{"start":{"line":142,"column":16},"end":{"line":142,"column":30}},"loc":{"start":{"line":142,"column":54},"end":{"line":150,"column":null}},"line":142}},"branchMap":{"0":{"loc":{"start":{"line":108,"column":2},"end":{"line":113,"column":null}},"type":"if","locations":[{"start":{"line":108,"column":2},"end":{"line":113,"column":null}},{"start":{},"end":{}}],"line":108},"1":{"loc":{"start":{"line":109,"column":4},"end":{"line":111,"column":null}},"type":"if","locations":[{"start":{"line":109,"column":4},"end":{"line":111,"column":null}},{"start":{},"end":{}}],"line":109},"2":{"loc":{"start":{"line":127,"column":2},"end":{"line":129,"column":null}},"type":"if","locations":[{"start":{"line":127,"column":2},"end":{"line":129,"column":null}},{"start":{},"end":{}}],"line":127},"3":{"loc":{"start":{"line":127,"column":6},"end":{"line":127,"column":66}},"type":"binary-expr","locations":[{"start":{"line":127,"column":6},"end":{"line":127,"column":19}},{"start":{"line":127,"column":19},"end":{"line":127,"column":43}},{"start":{"line":127,"column":43},"end":{"line":127,"column":66}}],"line":127},"4":{"loc":{"start":{"line":143,"column":2},"end":{"line":145,"column":null}},"type":"if","locations":[{"start":{"line":143,"column":2},"end":{"line":145,"column":null}},{"start":{},"end":{}}],"line":143},"5":{"loc":{"start":{"line":143,"column":6},"end":{"line":143,"column":34}},"type":"binary-expr","locations":[{"start":{"line":143,"column":6},"end":{"line":143,"column":16}},{"start":{"line":143,"column":16},"end":{"line":143,"column":34}}],"line":143}},"s":{"0":8,"1":8,"2":8,"3":8,"4":8,"5":8,"6":8,"7":8,"8":8,"9":8,"10":8,"11":8,"12":8,"13":8,"14":8,"15":24,"16":24,"17":0,"18":0,"19":0,"20":0,"21":0,"22":0,"23":0,"24":8,"25":0,"26":8,"27":8,"28":11,"29":0,"30":11,"31":11},"f":{"0":8,"1":8,"2":8,"3":8,"4":24,"5":0,"6":8,"7":11},"b":{"0":[0,0],"1":[0,0],"2":[0,8],"3":[8,8,8],"4":[0,11],"5":[11,11]},"meta":{"lastBranch":6,"lastFunction":8,"lastStatement":32,"seen":{"f:18:16:18:47":0,"s:20:16:20:Infinity":0,"s:21:2:21:Infinity":1,"s:24:2:24:Infinity":2,"f:34:22:34:44":1,"s:36:18:36:Infinity":3,"s:37:15:37:Infinity":4,"s:40:21:40:Infinity":5,"s:41:20:41:Infinity":6,"s:44:2:44:Infinity":7,"f:52:16:52:40":2,"s:53:16:53:Infinity":8,"s:54:2:54:Infinity":9,"s:55:2:55:Infinity":10,"f:64:22:64:64":3,"s:65:23:65:Infinity":11,"s:66:24:66:Infinity":12,"s:67:16:67:Infinity":13,"s:69:2:73:Infinity":14,"f:83:9:83:25":4,"s:85:17:85:Infinity":15,"s:88:2:91:Infinity":16,"f:100:16:100:32":5,"s:102:15:104:Infinity":17,"s:107:14:107:Infinity":18,"b:108:2:113:Infinity:undefined:undefined:undefined:undefined":0,"s:108:2:113:Infinity":19,"b:109:4:111:Infinity:undefined:undefined:undefined:undefined":1,"s:109:4:111:Infinity":20,"s:110:6:110:Infinity":21,"s:112:4:112:Infinity":22,"s:116:2:116:Infinity":23,"f:126:16:126:37":6,"b:127:2:129:Infinity:undefined:undefined:undefined:undefined":2,"s:127:2:129:Infinity":24,"b:127:6:127:19:127:19:127:43:127:43:127:66":3,"s:128:4:128:Infinity":25,"s:132:25:132:Infinity":26,"s:133:2:133:Infinity":27,"f:142:16:142:30":7,"b:143:2:145:Infinity:undefined:undefined:undefined:undefined":4,"s:143:2:145:Infinity":28,"b:143:6:143:16:143:16:143:34":5,"s:144:4:144:Infinity":29,"s:148:27:148:Infinity":30,"s:149:2:149:Infinity":31}}}
,"/Users/mattbernier/projects/unicorn/UNI-Construct/apps/forsured-web/src/lib/auth/types.ts": {"path":"/Users/mattbernier/projects/unicorn/UNI-Construct/apps/forsured-web/src/lib/auth/types.ts","statementMap":{"0":{"start":{"line":13,"column":7},"end":{"line":13,"column":null}},"1":{"start":{"line":15,"column":2},"end":{"line":15,"column":null}},"2":{"start":{"line":16,"column":2},"end":{"line":16,"column":null}},"3":{"start":{"line":17,"column":2},"end":{"line":17,"column":null}},"4":{"start":{"line":18,"column":2},"end":{"line":18,"column":null}},"5":{"start":{"line":19,"column":2},"end":{"line":19,"column":null}},"6":{"start":{"line":22,"column":2},"end":{"line":22,"column":null}},"7":{"start":{"line":23,"column":2},"end":{"line":23,"column":null}},"8":{"start":{"line":24,"column":2},"end":{"line":24,"column":null}},"9":{"start":{"line":25,"column":2},"end":{"line":25,"column":null}},"10":{"start":{"line":26,"column":2},"end":{"line":26,"column":null}},"11":{"start":{"line":27,"column":2},"end":{"line":27,"column":null}},"12":{"start":{"line":28,"column":2},"end":{"line":28,"column":null}},"13":{"start":{"line":31,"column":2},"end":{"line":31,"column":null}},"14":{"start":{"line":32,"column":2},"end":{"line":32,"column":null}},"15":{"start":{"line":33,"column":2},"end":{"line":33,"column":null}},"16":{"start":{"line":34,"column":2},"end":{"line":34,"column":null}},"17":{"start":{"line":35,"column":2},"end":{"line":35,"column":null}},"18":{"start":{"line":38,"column":2},"end":{"line":38,"column":null}},"19":{"start":{"line":39,"column":2},"end":{"line":39,"column":null}},"20":{"start":{"line":40,"column":2},"end":{"line":40,"column":null}},"21":{"start":{"line":41,"column":2},"end":{"line":41,"column":null}},"22":{"start":{"line":42,"column":2},"end":{"line":42,"column":null}},"23":{"start":{"line":45,"column":2},"end":{"line":45,"column":null}},"24":{"start":{"line":46,"column":2},"end":{"line":46,"column":null}},"25":{"start":{"line":47,"column":2},"end":{"line":47,"column":null}},"26":{"start":{"line":48,"column":2},"end":{"line":48,"column":null}},"27":{"start":{"line":49,"column":2},"end":{"line":49,"column":null}},"28":{"start":{"line":50,"column":2},"end":{"line":50,"column":null}},"29":{"start":{"line":53,"column":2},"end":{"line":53,"column":null}},"30":{"start":{"line":54,"column":2},"end":{"line":54,"column":null}},"31":{"start":{"line":55,"column":2},"end":{"line":55,"column":null}},"32":{"start":{"line":56,"column":2},"end":{"line":56,"column":null}},"33":{"start":{"line":57,"column":2},"end":{"line":57,"column":null}},"34":{"start":{"line":60,"column":2},"end":{"line":60,"column":null}},"35":{"start":{"line":61,"column":2},"end":{"line":61,"column":null}},"36":{"start":{"line":62,"column":2},"end":{"line":62,"column":null}},"37":{"start":{"line":63,"column":2},"end":{"line":63,"column":null}},"38":{"start":{"line":13,"column":12},"end":{"line":13,"column":null}},"39":{"start":{"line":70,"column":60},"end":{"line":127,"column":null}},"40":{"start":{"line":210,"column":7},"end":{"line":210,"column":null}},"41":{"start":{"line":211,"column":2},"end":{"line":211,"column":null}},"42":{"start":{"line":212,"column":2},"end":{"line":212,"column":null}},"43":{"start":{"line":213,"column":2},"end":{"line":213,"column":null}},"44":{"start":{"line":214,"column":2},"end":{"line":214,"column":null}},"45":{"start":{"line":215,"column":2},"end":{"line":215,"column":null}},"46":{"start":{"line":216,"column":2},"end":{"line":216,"column":null}},"47":{"start":{"line":217,"column":2},"end":{"line":217,"column":null}},"48":{"start":{"line":218,"column":2},"end":{"line":218,"column":null}},"49":{"start":{"line":219,"column":2},"end":{"line":219,"column":null}},"50":{"start":{"line":220,"column":2},"end":{"line":220,"column":null}},"51":{"start":{"line":210,"column":12},"end":{"line":210,"column":null}}},"fnMap":{"0":{"name":"(anonymous_0)","decl":{"start":{"line":13,"column":7},"end":{"line":13,"column":12}},"loc":{"start":{"line":13,"column":7},"end":{"line":13,"column":null}},"line":13},"1":{"name":"(anonymous_1)","decl":{"start":{"line":210,"column":7},"end":{"line":210,"column":12}},"loc":{"start":{"line":210,"column":7},"end":{"line":210,"column":null}},"line":210}},"branchMap":{"0":{"loc":{"start":{"line":13,"column":12},"end":{"line":13,"column":null}},"type":"binary-expr","locations":[{"start":{"line":13,"column":12},"end":{"line":13,"column":null}},{"start":{"line":13,"column":12},"end":{"line":13,"column":null}}],"line":13},"1":{"loc":{"start":{"line":210,"column":12},"end":{"line":210,"column":null}},"type":"binary-expr","locations":[{"start":{"line":210,"column":12},"end":{"line":210,"column":null}},{"start":{"line":210,"column":12},"end":{"line":210,"column":null}}],"line":210}},"s":{"0":2,"1":2,"2":2,"3":2,"4":2,"5":2,"6":2,"7":2,"8":2,"9":2,"10":2,"11":2,"12":2,"13":2,"14":2,"15":2,"16":2,"17":2,"18":2,"19":2,"20":2,"21":2,"22":2,"23":2,"24":2,"25":2,"26":2,"27":2,"28":2,"29":2,"30":2,"31":2,"32":2,"33":2,"34":2,"35":2,"36":2,"37":2,"38":2,"39":2,"40":2,"41":2,"42":2,"43":2,"44":2,"45":2,"46":2,"47":2,"48":2,"49":2,"50":2,"51":2},"f":{"0":2,"1":2},"b":{"0":[2,2],"1":[2,2]},"meta":{"lastBranch":2,"lastFunction":2,"lastStatement":52,"seen":{"s:13:7:13:Infinity":0,"f:13:7:13:12":0,"s:15:2:15:Infinity":1,"s:16:2:16:Infinity":2,"s:17:2:17:Infinity":3,"s:18:2:18:Infinity":4,"s:19:2:19:Infinity":5,"s:22:2:22:Infinity":6,"s:23:2:23:Infinity":7,"s:24:2:24:Infinity":8,"s:25:2:25:Infinity":9,"s:26:2:26:Infinity":10,"s:27:2:27:Infinity":11,"s:28:2:28:Infinity":12,"s:31:2:31:Infinity":13,"s:32:2:32:Infinity":14,"s:33:2:33:Infinity":15,"s:34:2:34:Infinity":16,"s:35:2:35:Infinity":17,"s:38:2:38:Infinity":18,"s:39:2:39:Infinity":19,"s:40:2:40:Infinity":20,"s:41:2:41:Infinity":21,"s:42:2:42:Infinity":22,"s:45:2:45:Infinity":23,"s:46:2:46:Infinity":24,"s:47:2:47:Infinity":25,"s:48:2:48:Infinity":26,"s:49:2:49:Infinity":27,"s:50:2:50:Infinity":28,"s:53:2:53:Infinity":29,"s:54:2:54:Infinity":30,"s:55:2:55:Infinity":31,"s:56:2:56:Infinity":32,"s:57:2:57:Infinity":33,"s:60:2:60:Infinity":34,"s:61:2:61:Infinity":35,"s:62:2:62:Infinity":36,"s:63:2:63:Infinity":37,"s:13:12:13:Infinity":38,"b:13:12:13:Infinity:13:12:13:Infinity":0,"s:70:60:127:Infinity":39,"s:210:7:210:Infinity":40,"f:210:7:210:12":1,"s:211:2:211:Infinity":41,"s:212:2:212:Infinity":42,"s:213:2:213:Infinity":43,"s:214:2:214:Infinity":44,"s:215:2:215:Infinity":45,"s:216:2:216:Infinity":46,"s:217:2:217:Infinity":47,"s:218:2:218:Infinity":48,"s:219:2:219:Infinity":49,"s:220:2:220:Infinity":50,"s:210:12:210:Infinity":51,"b:210:12:210:Infinity:210:12:210:Infinity":1}}}
}
